C:\Users\codyd\Desktop\BugOlympics\BugOlympics\BugOlympics\chargeMeter.js
C:\Users\codyd\Desktop\BugOlympics\BugOlympics\BugOlympics\chargeMeter.js.map
C:\Users\codyd\Desktop\BugOlympics\BugOlympics\BugOlympics\Player.js
C:\Users\codyd\Desktop\BugOlympics\BugOlympics\BugOlympics\Player.js.map
C:\Users\codyd\Desktop\BugOlympics\BugOlympics\BugOlympics\app.js
C:\Users\codyd\Desktop\BugOlympics\BugOlympics\BugOlympics\app.js.map
C:\Users\codyd\Desktop\BugOlympics\BugOlympics\BugOlympics\GameScene.js
C:\Users\codyd\Desktop\BugOlympics\BugOlympics\BugOlympics\GameScene.js.map
C:\Users\codyd\Desktop\BugOlympics\BugOlympics\BugOlympics\IRenderable.js
C:\Users\codyd\Desktop\BugOlympics\BugOlympics\BugOlympics\IRenderable.js.map
C:\Users\codyd\Desktop\BugOlympics\BugOlympics\BugOlympics\IUpdatable.js
C:\Users\codyd\Desktop\BugOlympics\BugOlympics\BugOlympics\IUpdatable.js.map
C:\Users\codyd\Desktop\BugOlympics\BugOlympics\BugOlympics\chargeMeter.js
C:\Users\codyd\Desktop\BugOlympics\BugOlympics\BugOlympics\chargeMeter.js.map
C:\Users\codyd\Desktop\BugOlympics\BugOlympics\BugOlympics\Player.js
C:\Users\codyd\Desktop\BugOlympics\BugOlympics\BugOlympics\Player.js.map
C:\Users\codyd\Desktop\BugOlympics\BugOlympics\BugOlympics\app.js
C:\Users\codyd\Desktop\BugOlympics\BugOlympics\BugOlympics\app.js.map
C:\Users\codyd\Desktop\BugOlympics\BugOlympics\BugOlympics\GameScene.js
C:\Users\codyd\Desktop\BugOlympics\BugOlympics\BugOlympics\GameScene.js.map
C:\Users\codyd\Desktop\BugOlympics\BugOlympics\BugOlympics\IRenderable.js
C:\Users\codyd\Desktop\BugOlympics\BugOlympics\BugOlympics\IRenderable.js.map
C:\Users\codyd\Desktop\BugOlympics\BugOlympics\BugOlympics\IUpdatable.js
C:\Users\codyd\Desktop\BugOlympics\BugOlympics\BugOlympics\IUpdatable.js.map
C:\Users\codyd\Desktop\BugOlympics\BugOlympics\BugOlympics\chargeMeter.js
C:\Users\codyd\Desktop\BugOlympics\BugOlympics\BugOlympics\chargeMeter.js.map
C:\Users\codyd\Desktop\BugOlympics\BugOlympics\BugOlympics\Player.js
C:\Users\codyd\Desktop\BugOlympics\BugOlympics\BugOlympics\Player.js.map
C:\Users\codyd\Desktop\BugOlympics\BugOlympics\BugOlympics\app.js
C:\Users\codyd\Desktop\BugOlympics\BugOlympics\BugOlympics\app.js.map
C:\Users\codyd\Desktop\BugOlympics\BugOlympics\BugOlympics\GameScene.js
C:\Users\codyd\Desktop\BugOlympics\BugOlympics\BugOlympics\GameScene.js.map
C:\Users\codyd\Desktop\BugOlympics\BugOlympics\BugOlympics\IRenderable.js
C:\Users\codyd\Desktop\BugOlympics\BugOlympics\BugOlympics\IRenderable.js.map
C:\Users\codyd\Desktop\BugOlympics\BugOlympics\BugOlympics\IUpdatable.js
C:\Users\codyd\Desktop\BugOlympics\BugOlympics\BugOlympics\IUpdatable.js.map
C:\Users\codyd\Desktop\BugOlympics\BugOlympics\BugOlympics\chargeMeter.js
C:\Users\codyd\Desktop\BugOlympics\BugOlympics\BugOlympics\chargeMeter.js.map
C:\Users\codyd\Desktop\BugOlympics\BugOlympics\BugOlympics\Player.js
C:\Users\codyd\Desktop\BugOlympics\BugOlympics\BugOlympics\Player.js.map
C:\Users\codyd\Desktop\BugOlympics\BugOlympics\BugOlympics\app.js
C:\Users\codyd\Desktop\BugOlympics\BugOlympics\BugOlympics\app.js.map
C:\Users\codyd\Desktop\BugOlympics\BugOlympics\BugOlympics\GameScene.js
C:\Users\codyd\Desktop\BugOlympics\BugOlympics\BugOlympics\GameScene.js.map
C:\Users\codyd\Desktop\BugOlympics\BugOlympics\BugOlympics\IRenderable.js
C:\Users\codyd\Desktop\BugOlympics\BugOlympics\BugOlympics\IRenderable.js.map
C:\Users\codyd\Desktop\BugOlympics\BugOlympics\BugOlympics\IUpdatable.js
C:\Users\codyd\Desktop\BugOlympics\BugOlympics\BugOlympics\IUpdatable.js.map
C:\Users\codyd\Desktop\BugOlympics\BugOlympics\BugOlympics\chargeMeter.js
C:\Users\codyd\Desktop\BugOlympics\BugOlympics\BugOlympics\chargeMeter.js.map
C:\Users\codyd\Desktop\BugOlympics\BugOlympics\BugOlympics\Player.js
C:\Users\codyd\Desktop\BugOlympics\BugOlympics\BugOlympics\Player.js.map
C:\Users\codyd\Desktop\BugOlympics\BugOlympics\BugOlympics\app.js
C:\Users\codyd\Desktop\BugOlympics\BugOlympics\BugOlympics\app.js.map
C:\Users\codyd\Desktop\BugOlympics\BugOlympics\BugOlympics\GameScene.js
C:\Users\codyd\Desktop\BugOlympics\BugOlympics\BugOlympics\GameScene.js.map
C:\Users\codyd\Desktop\BugOlympics\BugOlympics\BugOlympics\IRenderable.js
C:\Users\codyd\Desktop\BugOlympics\BugOlympics\BugOlympics\IRenderable.js.map
C:\Users\codyd\Desktop\BugOlympics\BugOlympics\BugOlympics\IUpdatable.js
C:\Users\codyd\Desktop\BugOlympics\BugOlympics\BugOlympics\IUpdatable.js.map
